<?xml version="1.0" encoding="UTF-8"?>
<!-- Generated by org.testng.reporters.JUnitReportReporter -->
<testsuite hostname="C370012100085" name="QATools.QAMavenProject.TI_TestCheckboxesPage" tests="2" failures="0" timestamp="20 May 2016 07:50:27 GMT" time="10.732" errors="0">
  <testcase name="testCheckedAllCheckboxes" time="4.909" classname="QATools.QAMavenProject.TI_TestCheckboxesPage"/>
  <testcase name="testUnCheckedAllCheckboxes" time="5.823" classname="QATools.QAMavenProject.TI_TestCheckboxesPage"/>
</testsuite> <!-- QATools.QAMavenProject.TI_TestCheckboxesPage -->
