<?xml version="1.0" encoding="UTF-8"?>
<!-- Generated by org.testng.reporters.JUnitReportReporter -->
<testsuite hostname="C370012100085" name="QATools.QAMavenProject.TI_TestOpenAWindowPage" tests="1" failures="0" timestamp="25 May 2016 07:17:43 GMT" time="6.151" errors="0">
  <testcase name="testLinkOpenAWindow" time="6.151" classname="QATools.QAMavenProject.TI_TestOpenAWindowPage"/>
</testsuite> <!-- QATools.QAMavenProject.TI_TestOpenAWindowPage -->
