<?xml version="1.0" encoding="UTF-8"?>
<!-- Generated by org.testng.reporters.JUnitReportReporter -->
<testsuite hostname="C370012100085" name="QATools.QAMavenProject.LoginTestOnIndexPage" tests="2" failures="0" timestamp="19 May 2016 09:11:21 GMT" time="29.265" errors="0">
  <testcase name="testLoginWrongPasswd" time="10.125" classname="QATools.QAMavenProject.LoginTestOnIndexPage"/>
  <testcase name="testLoginGoodPasswd" time="19.140" classname="QATools.QAMavenProject.LoginTestOnIndexPage"/>
</testsuite> <!-- QATools.QAMavenProject.LoginTestOnIndexPage -->
