<?xml version="1.0" encoding="UTF-8"?>
<!-- Generated by org.testng.reporters.JUnitReportReporter -->
<testsuite hostname="C370012100085" name="QATools.QAMavenProject.LoginTestOnIndexPage" tests="1" failures="0" timestamp="16 May 2016 11:10:57 GMT" time="5.572" errors="0">
  <testcase name="testLogin" time="5.572" classname="QATools.QAMavenProject.LoginTestOnIndexPage"/>
</testsuite> <!-- QATools.QAMavenProject.LoginTestOnIndexPage -->
