<?xml version="1.0" encoding="UTF-8"?>
<!-- Generated by org.testng.reporters.JUnitReportReporter -->
<testsuite hostname="C370012100085" name="QATools.QAMavenProject.TI_TestNotificationMessagePage" tests="1" failures="0" timestamp="25 May 2016 10:37:29 GMT" time="9.260" errors="0">
  <testcase name="testNotificationMessage" time="9.260" classname="QATools.QAMavenProject.TI_TestNotificationMessagePage"/>
</testsuite> <!-- QATools.QAMavenProject.TI_TestNotificationMessagePage -->
