<?xml version="1.0" encoding="UTF-8"?>
<!-- Generated by org.testng.reporters.JUnitReportReporter -->
<testsuite hostname="C370012100085" name="QATools.QAMavenProject.TI_TestRedirectionPage" tests="1" failures="0" timestamp="25 May 2016 07:39:31 GMT" time="6.197" errors="0">
  <testcase name="testRedirection" time="6.197" classname="QATools.QAMavenProject.TI_TestRedirectionPage"/>
</testsuite> <!-- QATools.QAMavenProject.TI_TestRedirectionPage -->
