<?xml version="1.0" encoding="UTF-8"?>
<!-- Generated by org.testng.reporters.JUnitReportReporter -->
<testsuite hostname="C370012100085" name="QATools.QAMavenProject.TI_TestDropdownListPage" tests="1" failures="0" timestamp="23 May 2016 09:03:06 GMT" time="6.357" errors="0">
  <testcase name="testDropdownListOption1" time="6.357" classname="QATools.QAMavenProject.TI_TestDropdownListPage"/>
</testsuite> <!-- QATools.QAMavenProject.TI_TestDropdownListPage -->
