<?xml version="1.0" encoding="UTF-8"?>
<!-- Generated by org.testng.reporters.JUnitReportReporter -->
<testsuite hostname="C370012100085" name="QATools.QAMavenProject.TI_TestKeyPressesPage" tests="1" failures="0" timestamp="23 May 2016 13:45:29 GMT" time="18.812" errors="0">
  <testcase name="checkLinkGoToCheckboxesPage" time="18.812" classname="QATools.QAMavenProject.TI_TestKeyPressesPage"/>
</testsuite> <!-- QATools.QAMavenProject.TI_TestKeyPressesPage -->
