<?xml version="1.0" encoding="UTF-8"?>
<!-- Generated by org.testng.reporters.JUnitReportReporter -->
<testsuite hostname="C370012100085" name="QATools.QAMavenProject.TI_TestTheInternetHomepage" tests="2" failures="0" timestamp="20 May 2016 08:17:53 GMT" time="11.299" errors="0">
  <testcase name="checkLinkGoToDragAndDropPage" time="6.070" classname="QATools.QAMavenProject.TI_TestTheInternetHomepage"/>
  <testcase name="checkLinkGoToCheckboxesPage" time="5.229" classname="QATools.QAMavenProject.TI_TestTheInternetHomepage"/>
</testsuite> <!-- QATools.QAMavenProject.TI_TestTheInternetHomepage -->
